//
// Generated file to implement the V0S5_Job_1_Transformer transform operator.
//

// define our input/output link names
inputname 0 Link_6;
outputname 0 Link_7;

initialize {
 // define our control variables
 int8 RowRejected0;
 int8 NullSetVar0;

}

mainloop {

 // initialise the rejected row variable
 RowRejected0 = 1;

 // evaluate columns (no constraints) for link: Link_7
 writerecord 0;
 RowRejected0 = 0;
}

finish {
}
